2025-08-03T15:49:11: 
> @once-ui-system/magic-portfolio@2.2.0 start
> next start

2025-08-03T16:15:24: 2025-08-03T16:15:24: 2025-08-03T16:15:24: 
> @once-ui-system/magic-portfolio@2.2.0 start
> next start

2025-08-03T16:21:57: 2025-08-03T16:21:58: 
> @once-ui-system/magic-portfolio@2.2.0 start
> next start

2025-08-03T16:28:51: 2025-08-03T16:28:51: 
> @once-ui-system/magic-portfolio@2.2.0 start
> next start

2025-08-03T16:41:09: 2025-08-03T16:41:09: 
> @once-ui-system/magic-portfolio@2.2.0 start
> next start

2025-08-03T16:48:00: 2025-08-03T16:48:00: 
> @once-ui-system/magic-portfolio@2.2.0 start
> next start

2025-08-03T16:50:42: 2025-08-03T16:50:42: 
> @once-ui-system/magic-portfolio@2.2.0 start
> next start

2025-08-03T16:55:43: 2025-08-03T16:55:44: 
> @once-ui-system/magic-portfolio@2.2.0 start
> next start

2025-08-03T17:07:33: 2025-08-03T17:07:33: 2025-08-03T17:07:34: 
> @once-ui-system/magic-portfolio@2.2.0 start
> next start

2025-08-03T17:14:53: 2025-08-03T17:14:53: 
> @once-ui-system/magic-portfolio@2.2.0 start
> next start

2025-08-03T17:18:51: 2025-08-03T17:18:51: 
> @once-ui-system/magic-portfolio@2.2.0 start
> next start

2025-08-03T17:22:35: 2025-08-03T17:22:36: 
> @once-ui-system/magic-portfolio@2.2.0 start
> next start

